CRITICAL - 2021-12-23 03:24:28 --> Undefined property: CodeIgniter\View\View::$session
#0 /home/programmer/Documents/Developments/Codeigniter/Projects/putra-ecommerce/app/Views/frontend/common/modal-profile.php(74): CodeIgniter\Debug\Exceptions->errorHandler(2, 'Undefined prope...', '/home/programme...', 74)
#1 /home/programmer/Documents/Developments/Codeigniter/Projects/putra-ecommerce/vendor/codeigniter4/framework/system/View/View.php(214): include('/home/programme...')
#2 /home/programmer/Documents/Developments/Codeigniter/Projects/putra-ecommerce/vendor/codeigniter4/framework/system/View/View.php(217): CodeIgniter\View\View->CodeIgniter\View\{closure}()
#3 /home/programmer/Documents/Developments/Codeigniter/Projects/putra-ecommerce/vendor/codeigniter4/framework/system/View/View.php(432): CodeIgniter\View\View->render('frontend/common...', NULL, true)
#4 /home/programmer/Documents/Developments/Codeigniter/Projects/putra-ecommerce/app/Views/frontend/pages/profile.php(126): CodeIgniter\View\View->include('frontend/common...')
#5 /home/programmer/Documents/Developments/Codeigniter/Projects/putra-ecommerce/vendor/codeigniter4/framework/system/View/View.php(214): include('/home/programme...')
#6 /home/programmer/Documents/Developments/Codeigniter/Projects/putra-ecommerce/vendor/codeigniter4/framework/system/View/View.php(217): CodeIgniter\View\View->CodeIgniter\View\{closure}()
#7 /home/programmer/Documents/Developments/Codeigniter/Projects/putra-ecommerce/vendor/codeigniter4/framework/system/Common.php(1097): CodeIgniter\View\View->render('frontend/pages/...', Array, true)
#8 /home/programmer/Documents/Developments/Codeigniter/Projects/putra-ecommerce/app/Controllers/Frontend/ProfileController.php(34): view('frontend/pages/...', Array)
#9 /home/programmer/Documents/Developments/Codeigniter/Projects/putra-ecommerce/vendor/codeigniter4/framework/system/CodeIgniter.php(824): App\Controllers\Frontend\ProfileController->index()
#10 /home/programmer/Documents/Developments/Codeigniter/Projects/putra-ecommerce/vendor/codeigniter4/framework/system/CodeIgniter.php(410): CodeIgniter\CodeIgniter->runController(Object(App\Controllers\Frontend\ProfileController))
#11 /home/programmer/Documents/Developments/Codeigniter/Projects/putra-ecommerce/vendor/codeigniter4/framework/system/CodeIgniter.php(318): CodeIgniter\CodeIgniter->handleRequest(NULL, Object(Config\Cache), false)
#12 /home/programmer/Documents/Developments/Codeigniter/Projects/putra-ecommerce/public/index.php(37): CodeIgniter\CodeIgniter->run()
#13 /home/programmer/Documents/Developments/Codeigniter/Projects/putra-ecommerce/vendor/codeigniter4/framework/system/Commands/Server/rewrite.php(43): require_once('/home/programme...')
#14 {main}
CRITICAL - 2021-12-23 03:24:31 --> Undefined property: CodeIgniter\View\View::$session
#0 /home/programmer/Documents/Developments/Codeigniter/Projects/putra-ecommerce/app/Views/frontend/common/modal-profile.php(74): CodeIgniter\Debug\Exceptions->errorHandler(2, 'Undefined prope...', '/home/programme...', 74)
#1 /home/programmer/Documents/Developments/Codeigniter/Projects/putra-ecommerce/vendor/codeigniter4/framework/system/View/View.php(214): include('/home/programme...')
#2 /home/programmer/Documents/Developments/Codeigniter/Projects/putra-ecommerce/vendor/codeigniter4/framework/system/View/View.php(217): CodeIgniter\View\View->CodeIgniter\View\{closure}()
#3 /home/programmer/Documents/Developments/Codeigniter/Projects/putra-ecommerce/vendor/codeigniter4/framework/system/View/View.php(432): CodeIgniter\View\View->render('frontend/common...', NULL, true)
#4 /home/programmer/Documents/Developments/Codeigniter/Projects/putra-ecommerce/app/Views/frontend/pages/profile.php(126): CodeIgniter\View\View->include('frontend/common...')
#5 /home/programmer/Documents/Developments/Codeigniter/Projects/putra-ecommerce/vendor/codeigniter4/framework/system/View/View.php(214): include('/home/programme...')
#6 /home/programmer/Documents/Developments/Codeigniter/Projects/putra-ecommerce/vendor/codeigniter4/framework/system/View/View.php(217): CodeIgniter\View\View->CodeIgniter\View\{closure}()
#7 /home/programmer/Documents/Developments/Codeigniter/Projects/putra-ecommerce/vendor/codeigniter4/framework/system/Common.php(1097): CodeIgniter\View\View->render('frontend/pages/...', Array, true)
#8 /home/programmer/Documents/Developments/Codeigniter/Projects/putra-ecommerce/app/Controllers/Frontend/ProfileController.php(34): view('frontend/pages/...', Array)
#9 /home/programmer/Documents/Developments/Codeigniter/Projects/putra-ecommerce/vendor/codeigniter4/framework/system/CodeIgniter.php(824): App\Controllers\Frontend\ProfileController->index()
#10 /home/programmer/Documents/Developments/Codeigniter/Projects/putra-ecommerce/vendor/codeigniter4/framework/system/CodeIgniter.php(410): CodeIgniter\CodeIgniter->runController(Object(App\Controllers\Frontend\ProfileController))
#11 /home/programmer/Documents/Developments/Codeigniter/Projects/putra-ecommerce/vendor/codeigniter4/framework/system/CodeIgniter.php(318): CodeIgniter\CodeIgniter->handleRequest(NULL, Object(Config\Cache), false)
#12 /home/programmer/Documents/Developments/Codeigniter/Projects/putra-ecommerce/public/index.php(37): CodeIgniter\CodeIgniter->run()
#13 /home/programmer/Documents/Developments/Codeigniter/Projects/putra-ecommerce/vendor/codeigniter4/framework/system/Commands/Server/rewrite.php(43): require_once('/home/programme...')
#14 {main}
CRITICAL - 2021-12-23 03:24:44 --> Undefined property: CodeIgniter\View\View::$session
#0 /home/programmer/Documents/Developments/Codeigniter/Projects/putra-ecommerce/app/Views/frontend/common/modal-profile.php(74): CodeIgniter\Debug\Exceptions->errorHandler(2, 'Undefined prope...', '/home/programme...', 74)
#1 /home/programmer/Documents/Developments/Codeigniter/Projects/putra-ecommerce/vendor/codeigniter4/framework/system/View/View.php(214): include('/home/programme...')
#2 /home/programmer/Documents/Developments/Codeigniter/Projects/putra-ecommerce/vendor/codeigniter4/framework/system/View/View.php(217): CodeIgniter\View\View->CodeIgniter\View\{closure}()
#3 /home/programmer/Documents/Developments/Codeigniter/Projects/putra-ecommerce/vendor/codeigniter4/framework/system/View/View.php(432): CodeIgniter\View\View->render('frontend/common...', NULL, true)
#4 /home/programmer/Documents/Developments/Codeigniter/Projects/putra-ecommerce/app/Views/frontend/pages/profile.php(126): CodeIgniter\View\View->include('frontend/common...')
#5 /home/programmer/Documents/Developments/Codeigniter/Projects/putra-ecommerce/vendor/codeigniter4/framework/system/View/View.php(214): include('/home/programme...')
#6 /home/programmer/Documents/Developments/Codeigniter/Projects/putra-ecommerce/vendor/codeigniter4/framework/system/View/View.php(217): CodeIgniter\View\View->CodeIgniter\View\{closure}()
#7 /home/programmer/Documents/Developments/Codeigniter/Projects/putra-ecommerce/vendor/codeigniter4/framework/system/Common.php(1097): CodeIgniter\View\View->render('frontend/pages/...', Array, true)
#8 /home/programmer/Documents/Developments/Codeigniter/Projects/putra-ecommerce/app/Controllers/Frontend/ProfileController.php(34): view('frontend/pages/...', Array)
#9 /home/programmer/Documents/Developments/Codeigniter/Projects/putra-ecommerce/vendor/codeigniter4/framework/system/CodeIgniter.php(824): App\Controllers\Frontend\ProfileController->index()
#10 /home/programmer/Documents/Developments/Codeigniter/Projects/putra-ecommerce/vendor/codeigniter4/framework/system/CodeIgniter.php(410): CodeIgniter\CodeIgniter->runController(Object(App\Controllers\Frontend\ProfileController))
#11 /home/programmer/Documents/Developments/Codeigniter/Projects/putra-ecommerce/vendor/codeigniter4/framework/system/CodeIgniter.php(318): CodeIgniter\CodeIgniter->handleRequest(NULL, Object(Config\Cache), false)
#12 /home/programmer/Documents/Developments/Codeigniter/Projects/putra-ecommerce/public/index.php(37): CodeIgniter\CodeIgniter->run()
#13 /home/programmer/Documents/Developments/Codeigniter/Projects/putra-ecommerce/vendor/codeigniter4/framework/system/Commands/Server/rewrite.php(43): require_once('/home/programme...')
#14 {main}
CRITICAL - 2021-12-23 03:25:42 --> Undefined property: App\Controllers\Frontend\ProfileController::$session
#0 /home/programmer/Documents/Developments/Codeigniter/Projects/putra-ecommerce/app/Controllers/Frontend/ProfileController.php(188): CodeIgniter\Debug\Exceptions->errorHandler(2, 'Undefined prope...', '/home/programme...', 188)
#1 /home/programmer/Documents/Developments/Codeigniter/Projects/putra-ecommerce/vendor/codeigniter4/framework/system/CodeIgniter.php(824): App\Controllers\Frontend\ProfileController->edit()
#2 /home/programmer/Documents/Developments/Codeigniter/Projects/putra-ecommerce/vendor/codeigniter4/framework/system/CodeIgniter.php(410): CodeIgniter\CodeIgniter->runController(Object(App\Controllers\Frontend\ProfileController))
#3 /home/programmer/Documents/Developments/Codeigniter/Projects/putra-ecommerce/vendor/codeigniter4/framework/system/CodeIgniter.php(318): CodeIgniter\CodeIgniter->handleRequest(NULL, Object(Config\Cache), false)
#4 /home/programmer/Documents/Developments/Codeigniter/Projects/putra-ecommerce/public/index.php(37): CodeIgniter\CodeIgniter->run()
#5 /home/programmer/Documents/Developments/Codeigniter/Projects/putra-ecommerce/vendor/codeigniter4/framework/system/Commands/Server/rewrite.php(43): require_once('/home/programme...')
#6 {main}
CRITICAL - 2021-12-23 05:27:55 --> You do not have sufficient permissions to access that page.
#0 /home/programmer/Documents/Developments/Codeigniter/Projects/putra-ecommerce/vendor/codeigniter4/framework/system/Filters/Filters.php(173): Myth\Auth\Filters\RoleFilter->before(Object(CodeIgniter\HTTP\IncomingRequest), Array)
#1 /home/programmer/Documents/Developments/Codeigniter/Projects/putra-ecommerce/vendor/codeigniter4/framework/system/CodeIgniter.php(384): CodeIgniter\Filters\Filters->run('profile', 'before')
#2 /home/programmer/Documents/Developments/Codeigniter/Projects/putra-ecommerce/vendor/codeigniter4/framework/system/CodeIgniter.php(318): CodeIgniter\CodeIgniter->handleRequest(NULL, Object(Config\Cache), false)
#3 /home/programmer/Documents/Developments/Codeigniter/Projects/putra-ecommerce/public/index.php(37): CodeIgniter\CodeIgniter->run()
#4 /home/programmer/Documents/Developments/Codeigniter/Projects/putra-ecommerce/vendor/codeigniter4/framework/system/Commands/Server/rewrite.php(43): require_once('/home/programme...')
#5 {main}
CRITICAL - 2021-12-23 06:42:18 --> You do not have sufficient permissions to access that page.
#0 /home/programmer/Documents/Developments/Codeigniter/Projects/putra-ecommerce/vendor/codeigniter4/framework/system/Filters/Filters.php(173): Myth\Auth\Filters\RoleFilter->before(Object(CodeIgniter\HTTP\IncomingRequest), Array)
#1 /home/programmer/Documents/Developments/Codeigniter/Projects/putra-ecommerce/vendor/codeigniter4/framework/system/CodeIgniter.php(384): CodeIgniter\Filters\Filters->run('profile', 'before')
#2 /home/programmer/Documents/Developments/Codeigniter/Projects/putra-ecommerce/vendor/codeigniter4/framework/system/CodeIgniter.php(318): CodeIgniter\CodeIgniter->handleRequest(NULL, Object(Config\Cache), false)
#3 /home/programmer/Documents/Developments/Codeigniter/Projects/putra-ecommerce/public/index.php(37): CodeIgniter\CodeIgniter->run()
#4 /home/programmer/Documents/Developments/Codeigniter/Projects/putra-ecommerce/vendor/codeigniter4/framework/system/Commands/Server/rewrite.php(43): require_once('/home/programme...')
#5 {main}
CRITICAL - 2021-12-23 06:44:49 --> You do not have sufficient permissions to access that page.
#0 /home/programmer/Documents/Developments/Codeigniter/Projects/putra-ecommerce/vendor/codeigniter4/framework/system/Filters/Filters.php(173): Myth\Auth\Filters\RoleFilter->before(Object(CodeIgniter\HTTP\IncomingRequest), Array)
#1 /home/programmer/Documents/Developments/Codeigniter/Projects/putra-ecommerce/vendor/codeigniter4/framework/system/CodeIgniter.php(384): CodeIgniter\Filters\Filters->run('profile', 'before')
#2 /home/programmer/Documents/Developments/Codeigniter/Projects/putra-ecommerce/vendor/codeigniter4/framework/system/CodeIgniter.php(318): CodeIgniter\CodeIgniter->handleRequest(NULL, Object(Config\Cache), false)
#3 /home/programmer/Documents/Developments/Codeigniter/Projects/putra-ecommerce/public/index.php(37): CodeIgniter\CodeIgniter->run()
#4 /home/programmer/Documents/Developments/Codeigniter/Projects/putra-ecommerce/vendor/codeigniter4/framework/system/Commands/Server/rewrite.php(43): require_once('/home/programme...')
#5 {main}
