CRITICAL - 2021-12-26 03:36:21 --> Trying to access array offset on value of type null
#0 /home/programmer/Documents/Developments/Codeigniter/Projects/putra-ecommerce/app/Views/frontend/pages/profile.php(109): CodeIgniter\Debug\Exceptions->errorHandler(2, 'Trying to acces...', '/home/programme...', 109)
#1 /home/programmer/Documents/Developments/Codeigniter/Projects/putra-ecommerce/vendor/codeigniter4/framework/system/View/View.php(214): include('/home/programme...')
#2 /home/programmer/Documents/Developments/Codeigniter/Projects/putra-ecommerce/vendor/codeigniter4/framework/system/View/View.php(217): CodeIgniter\View\View->CodeIgniter\View\{closure}()
#3 /home/programmer/Documents/Developments/Codeigniter/Projects/putra-ecommerce/vendor/codeigniter4/framework/system/Common.php(1097): CodeIgniter\View\View->render('frontend/pages/...', Array, true)
#4 /home/programmer/Documents/Developments/Codeigniter/Projects/putra-ecommerce/app/Controllers/Frontend/ProfileController.php(34): view('frontend/pages/...', Array)
#5 /home/programmer/Documents/Developments/Codeigniter/Projects/putra-ecommerce/vendor/codeigniter4/framework/system/CodeIgniter.php(824): App\Controllers\Frontend\ProfileController->index()
#6 /home/programmer/Documents/Developments/Codeigniter/Projects/putra-ecommerce/vendor/codeigniter4/framework/system/CodeIgniter.php(410): CodeIgniter\CodeIgniter->runController(Object(App\Controllers\Frontend\ProfileController))
#7 /home/programmer/Documents/Developments/Codeigniter/Projects/putra-ecommerce/vendor/codeigniter4/framework/system/CodeIgniter.php(318): CodeIgniter\CodeIgniter->handleRequest(NULL, Object(Config\Cache), false)
#8 /home/programmer/Documents/Developments/Codeigniter/Projects/putra-ecommerce/public/index.php(37): CodeIgniter\CodeIgniter->run()
#9 /home/programmer/Documents/Developments/Codeigniter/Projects/putra-ecommerce/vendor/codeigniter4/framework/system/Commands/Server/rewrite.php(43): require_once('/home/programme...')
#10 {main}
CRITICAL - 2021-12-26 03:36:23 --> Trying to access array offset on value of type null
#0 /home/programmer/Documents/Developments/Codeigniter/Projects/putra-ecommerce/app/Views/frontend/pages/profile.php(109): CodeIgniter\Debug\Exceptions->errorHandler(2, 'Trying to acces...', '/home/programme...', 109)
#1 /home/programmer/Documents/Developments/Codeigniter/Projects/putra-ecommerce/vendor/codeigniter4/framework/system/View/View.php(214): include('/home/programme...')
#2 /home/programmer/Documents/Developments/Codeigniter/Projects/putra-ecommerce/vendor/codeigniter4/framework/system/View/View.php(217): CodeIgniter\View\View->CodeIgniter\View\{closure}()
#3 /home/programmer/Documents/Developments/Codeigniter/Projects/putra-ecommerce/vendor/codeigniter4/framework/system/Common.php(1097): CodeIgniter\View\View->render('frontend/pages/...', Array, true)
#4 /home/programmer/Documents/Developments/Codeigniter/Projects/putra-ecommerce/app/Controllers/Frontend/ProfileController.php(34): view('frontend/pages/...', Array)
#5 /home/programmer/Documents/Developments/Codeigniter/Projects/putra-ecommerce/vendor/codeigniter4/framework/system/CodeIgniter.php(824): App\Controllers\Frontend\ProfileController->index()
#6 /home/programmer/Documents/Developments/Codeigniter/Projects/putra-ecommerce/vendor/codeigniter4/framework/system/CodeIgniter.php(410): CodeIgniter\CodeIgniter->runController(Object(App\Controllers\Frontend\ProfileController))
#7 /home/programmer/Documents/Developments/Codeigniter/Projects/putra-ecommerce/vendor/codeigniter4/framework/system/CodeIgniter.php(318): CodeIgniter\CodeIgniter->handleRequest(NULL, Object(Config\Cache), false)
#8 /home/programmer/Documents/Developments/Codeigniter/Projects/putra-ecommerce/public/index.php(37): CodeIgniter\CodeIgniter->run()
#9 /home/programmer/Documents/Developments/Codeigniter/Projects/putra-ecommerce/vendor/codeigniter4/framework/system/Commands/Server/rewrite.php(43): require_once('/home/programme...')
#10 {main}
CRITICAL - 2021-12-26 04:53:25 --> Undefined array key "store_names"
#0 /home/programmer/Documents/Developments/Codeigniter/Projects/putra-ecommerce/app/Controllers/Frontend/ProductController.php(99): CodeIgniter\Debug\Exceptions->errorHandler(2, 'Undefined array...', '/home/programme...', 99)
#1 /home/programmer/Documents/Developments/Codeigniter/Projects/putra-ecommerce/vendor/codeigniter4/framework/system/CodeIgniter.php(824): App\Controllers\Frontend\ProductController->add()
#2 /home/programmer/Documents/Developments/Codeigniter/Projects/putra-ecommerce/vendor/codeigniter4/framework/system/CodeIgniter.php(410): CodeIgniter\CodeIgniter->runController(Object(App\Controllers\Frontend\ProductController))
#3 /home/programmer/Documents/Developments/Codeigniter/Projects/putra-ecommerce/vendor/codeigniter4/framework/system/CodeIgniter.php(318): CodeIgniter\CodeIgniter->handleRequest(NULL, Object(Config\Cache), false)
#4 /home/programmer/Documents/Developments/Codeigniter/Projects/putra-ecommerce/public/index.php(37): CodeIgniter\CodeIgniter->run()
#5 /home/programmer/Documents/Developments/Codeigniter/Projects/putra-ecommerce/vendor/codeigniter4/framework/system/Commands/Server/rewrite.php(43): require_once('/home/programme...')
#6 {main}
